Using pre-set license
Built from '6000.0/release' branch; Version is '6000.0.29f1 (9fafe5c9db65) revision 10465253'; Using compiler version '193933523'; Build Type 'Release'
OS: 'Windows 11  (10.0.26100) 64bit CoreSingleLanguage' Language: 'es' Physical Memory: 16204 MB
BatchMode: 1, IsHumanControllingUs: 0, StartBugReporterOnCrash: 0, Is64bit: 1, IsPro: 1

COMMAND LINE ARGUMENTS:
C:\Program Files\Unity\Hub\Editor\6000.0.29f1\Editor\Unity.exe
-adb2
-batchMode
-noUpm
-name
AssetImportWorker5
-projectPath
C:/Users/reckc/Documents/Videojugos/Juego_Final/My project
-logFile
Logs/AssetImportWorker5.log
-srvPort
57385
-job-worker-count
5
-background-job-worker-count
8
-asset-garbage-collectors
1
Successfully changed project path to: C:/Users/reckc/Documents/Videojugos/Juego_Final/My project
C:/Users/reckc/Documents/Videojugos/Juego_Final/My project
[UnityMemory] Configuration Parameters - Can be set up in boot.config
    "memorysetup-bucket-allocator-granularity=16"
    "memorysetup-bucket-allocator-bucket-count=8"
    "memorysetup-bucket-allocator-block-size=33554432"
    "memorysetup-bucket-allocator-block-count=8"
    "memorysetup-main-allocator-block-size=16777216"
    "memorysetup-thread-allocator-block-size=16777216"
    "memorysetup-gfx-main-allocator-block-size=16777216"
    "memorysetup-gfx-thread-allocator-block-size=16777216"
    "memorysetup-cache-allocator-block-size=4194304"
    "memorysetup-typetree-allocator-block-size=2097152"
    "memorysetup-profiler-bucket-allocator-granularity=16"
    "memorysetup-profiler-bucket-allocator-bucket-count=8"
    "memorysetup-profiler-bucket-allocator-block-size=33554432"
    "memorysetup-profiler-bucket-allocator-block-count=8"
    "memorysetup-profiler-allocator-block-size=16777216"
    "memorysetup-profiler-editor-allocator-block-size=1048576"
    "memorysetup-temp-allocator-size-main=16777216"
    "memorysetup-job-temp-allocator-block-size=2097152"
    "memorysetup-job-temp-allocator-block-size-background=1048576"
    "memorysetup-job-temp-allocator-reduction-small-platforms=262144"
    "memorysetup-allocator-temp-initial-block-size-main=262144"
    "memorysetup-allocator-temp-initial-block-size-worker=262144"
    "memorysetup-temp-allocator-size-background-worker=32768"
    "memorysetup-temp-allocator-size-job-worker=262144"
    "memorysetup-temp-allocator-size-preload-manager=33554432"
    "memorysetup-temp-allocator-size-nav-mesh-worker=65536"
    "memorysetup-temp-allocator-size-audio-worker=65536"
    "memorysetup-temp-allocator-size-cloud-worker=32768"
    "memorysetup-temp-allocator-size-gi-baking-worker=262144"
    "memorysetup-temp-allocator-size-gi-baking-worker=262144"
    "memorysetup-temp-allocator-size-gi-baking-worker=262144"
    "memorysetup-temp-allocator-size-gi-baking-worker=262144"
    "memorysetup-temp-allocator-size-gi-baking-worker=262144"
    "memorysetup-temp-allocator-size-gfx=262144"
Player connection [27696]  Target information:

Player connection [27696]  * "[IP] 192.168.18.27 [Port] 0 [Flags] 2 [Guid] 2583975186 [EditorId] 2583975186 [Version] 1048832 [Id] WindowsEditor(7,Jirek) [Debug] 1 [PackageName] WindowsEditor [ProjectName] Editor" 

Player connection [27696] Host joined multi-casting on [225.0.0.222:54997]...
Player connection [27696] Host joined alternative multi-casting on [225.0.0.222:34997]...
JobSystem: Creating JobQueue using job-worker-count value 5
[Physics::Module] Initialized fallback backend.
[Physics::Module] Id: 0xdecafbad
Library Redirect Path: Library/
[Physics::Module] Selected backend.
[Physics::Module] Name: PhysX
[Physics::Module] Id: 0xf2b8ea05
[Physics::Module] SDK Version: 4.1.2
[Physics::Module] Integration Version: 1.0.0
[Physics::Module] Threading Mode: Multi-Threaded
Refreshing native plugins compatible for Editor in 270.75 ms, found 4 plugins.
Preloading 0 native plugins for Editor in 0.00 ms.
Initialize engine version: 6000.0.29f1 (9fafe5c9db65)
[Subsystems] Discovering subsystems at path C:/Program Files/Unity/Hub/Editor/6000.0.29f1/Editor/Data/Resources/UnitySubsystems
[Subsystems] Discovering subsystems at path C:/Users/reckc/Documents/Videojugos/Juego_Final/My project/Assets
GfxDevice: creating device client; kGfxThreadingModeNonThreaded
Direct3D:
    Version:  Direct3D 11.0 [level 11.1]
    Renderer: NVIDIA GeForce RTX 3050 Laptop GPU (ID=0x25a2)
    Vendor:   NVIDIA
    VRAM:     3991 MB
    Driver:   30.0.15.1165
Initialize mono
Mono path[0] = 'C:/Program Files/Unity/Hub/Editor/6000.0.29f1/Editor/Data/Managed'
Mono path[1] = 'C:/Program Files/Unity/Hub/Editor/6000.0.29f1/Editor/Data/MonoBleedingEdge/lib/mono/unityjit-win32'
Mono config path = 'C:/Program Files/Unity/Hub/Editor/6000.0.29f1/Editor/Data/MonoBleedingEdge/etc'
Using monoOptions --debugger-agent=transport=dt_socket,embedding=1,server=y,suspend=n,address=127.0.0.1:56732
Begin MonoManager ReloadAssembly
Registering precompiled unity dll's ...
Register platform support module: C:/Program Files/Unity/Hub/Editor/6000.0.29f1/Editor/Data/PlaybackEngines/WebGLSupport/UnityEditor.WebGL.Extensions.dll
Register platform support module: C:/Program Files/Unity/Hub/Editor/6000.0.29f1/Editor/Data/PlaybackEngines/WindowsStandaloneSupport/UnityEditor.WindowsStandalone.Extensions.dll
Registered in 0.003843 seconds.
- Loaded All Assemblies, in  0.947 seconds
Native extension for WindowsStandalone target not found
Native extension for WebGL target not found
Mono: successfully reloaded assembly
- Finished resetting the current domain, in  0.392 seconds
Domain Reload Profiling: 1337ms
	BeginReloadAssembly (141ms)
		ExecutionOrderSort (0ms)
		DisableScriptedObjects (0ms)
		BackupInstance (0ms)
		ReleaseScriptingObjects (0ms)
		CreateAndSetChildDomain (1ms)
	RebuildCommonClasses (49ms)
	RebuildNativeTypeToScriptingClass (13ms)
	initialDomainReloadingComplete (51ms)
	LoadAllAssembliesAndSetupDomain (689ms)
		LoadAssemblies (138ms)
		RebuildTransferFunctionScriptingTraits (0ms)
		AnalyzeDomain (686ms)
			TypeCache.Refresh (684ms)
				TypeCache.ScanAssembly (671ms)
			BuildScriptInfoCaches (0ms)
			ResolveRequiredComponents (0ms)
	FinalizeReload (392ms)
		ReleaseScriptCaches (0ms)
		RebuildScriptCaches (0ms)
		SetupLoadedEditorAssemblies (338ms)
			LogAssemblyErrors (0ms)
			InitializePlatformSupportModulesInManaged (29ms)
			SetLoadedEditorAssemblies (5ms)
			BeforeProcessingInitializeOnLoad (7ms)
			ProcessInitializeOnLoadAttributes (208ms)
			ProcessInitializeOnLoadMethodAttributes (85ms)
			AfterProcessingInitializeOnLoad (4ms)
			EditorAssembliesLoaded (0ms)
		ExecutionOrderSort2 (0ms)
		AwakeInstancesAfterBackupRestoration (0ms)
========================================================================
Worker process is ready to serve import requests
Import Worker Mode flag is 0x00
Begin MonoManager ReloadAssembly
- Loaded All Assemblies, in  0.955 seconds
Refreshing native plugins compatible for Editor in 2.08 ms, found 4 plugins.
Native extension for WindowsStandalone target not found
Native extension for WebGL target not found
Mono: successfully reloaded assembly
- Finished resetting the current domain, in  1.385 seconds
Domain Reload Profiling: 2335ms
	BeginReloadAssembly (176ms)
		ExecutionOrderSort (0ms)
		DisableScriptedObjects (6ms)
		BackupInstance (0ms)
		ReleaseScriptingObjects (0ms)
		CreateAndSetChildDomain (30ms)
	RebuildCommonClasses (43ms)
	RebuildNativeTypeToScriptingClass (14ms)
	initialDomainReloadingComplete (42ms)
	LoadAllAssembliesAndSetupDomain (675ms)
		LoadAssemblies (375ms)
		RebuildTransferFunctionScriptingTraits (0ms)
		AnalyzeDomain (405ms)
			TypeCache.Refresh (290ms)
				TypeCache.ScanAssembly (217ms)
			BuildScriptInfoCaches (99ms)
			ResolveRequiredComponents (13ms)
	FinalizeReload (1385ms)
		ReleaseScriptCaches (0ms)
		RebuildScriptCaches (0ms)
		SetupLoadedEditorAssemblies (916ms)
			LogAssemblyErrors (0ms)
			InitializePlatformSupportModulesInManaged (3ms)
			SetLoadedEditorAssemblies (6ms)
			BeforeProcessingInitializeOnLoad (89ms)
			ProcessInitializeOnLoadAttributes (662ms)
			ProcessInitializeOnLoadMethodAttributes (146ms)
			AfterProcessingInitializeOnLoad (9ms)
			EditorAssembliesLoaded (0ms)
		ExecutionOrderSort2 (0ms)
		AwakeInstancesAfterBackupRestoration (6ms)
Launched and connected shader compiler UnityShaderCompiler.exe after 0.03 seconds
Refreshing native plugins compatible for Editor in 2.93 ms, found 4 plugins.
Preloading 0 native plugins for Editor in 0.00 ms.
Unloading 205 Unused Serialized files (Serialized files now loaded: 0)
Unloading 6558 unused Assets / (4.7 MB). Loaded Objects now: 7236.
Memory consumption went from 173.2 MB to 168.5 MB.
Total: 11.388200 ms (FindLiveObjects: 0.891500 ms CreateObjectMapping: 1.311200 ms MarkObjects: 6.129200 ms  DeleteObjects: 3.055200 ms)

========================================================================
Received Import Request.
  Time since last request: 300944.106832 seconds.
  path: Assets/World/2/1 Tiles/Tile_40.png
  artifactKey: Guid(d51e2c8cd110c6d4a83cafacd888deaa) Importer(815301076,1909f56bfc062723c751e8b465ee728b)
Start importing Assets/World/2/1 Tiles/Tile_40.png using Guid(d51e2c8cd110c6d4a83cafacd888deaa) Importer(815301076,1909f56bfc062723c751e8b465ee728b) (PreviewImporter) -> (artifact id: 'a241df902140f37c8de249156171418a') in 0.1385178 seconds
Number of updated asset objects reloaded before import = 0Number of asset objects unloaded after import = 3

========================================================================
Received Import Request.
  Time since last request: 0.000019 seconds.
  path: Assets/World/2/1 Tiles/Tile_45.png
  artifactKey: Guid(3fd74544cfe65714fb8767f8d1f60e03) Importer(815301076,1909f56bfc062723c751e8b465ee728b)
Start importing Assets/World/2/1 Tiles/Tile_45.png using Guid(3fd74544cfe65714fb8767f8d1f60e03) Importer(815301076,1909f56bfc062723c751e8b465ee728b) (PreviewImporter) -> (artifact id: '56d56812f8609a21cbd245e44aa6a84d') in 0.0187121 seconds
Number of updated asset objects reloaded before import = 0Number of asset objects unloaded after import = 3

========================================================================
Received Import Request.
  Time since last request: 0.172202 seconds.
  path: Assets/World/2/1 Tiles/Tile_51.png
  artifactKey: Guid(4aa0d2e1a701d84489c00ffb571d8572) Importer(815301076,1909f56bfc062723c751e8b465ee728b)
Start importing Assets/World/2/1 Tiles/Tile_51.png using Guid(4aa0d2e1a701d84489c00ffb571d8572) Importer(815301076,1909f56bfc062723c751e8b465ee728b) (PreviewImporter) -> (artifact id: 'a15f5ef244cafe78a34bede061fd917c') in 0.0190044 seconds
Number of updated asset objects reloaded before import = 0Number of asset objects unloaded after import = 3

========================================================================
Received Import Request.
  Time since last request: 0.000018 seconds.
  path: Assets/World/2/1 Tiles/Tile_59.png
  artifactKey: Guid(b1221d401ecadbd479ce1f164516fceb) Importer(815301076,1909f56bfc062723c751e8b465ee728b)
Start importing Assets/World/2/1 Tiles/Tile_59.png using Guid(b1221d401ecadbd479ce1f164516fceb) Importer(815301076,1909f56bfc062723c751e8b465ee728b) (PreviewImporter) -> (artifact id: '86af2ac077e80c87ef1ac60e741229f5') in 0.0295933 seconds
Number of updated asset objects reloaded before import = 0Number of asset objects unloaded after import = 3

========================================================================
Received Import Request.
  Time since last request: 0.000030 seconds.
  path: Assets/World/2/1 Tiles/Tile_52.png
  artifactKey: Guid(678f31a96592d994d89399a32db48e89) Importer(815301076,1909f56bfc062723c751e8b465ee728b)
Start importing Assets/World/2/1 Tiles/Tile_52.png using Guid(678f31a96592d994d89399a32db48e89) Importer(815301076,1909f56bfc062723c751e8b465ee728b) (PreviewImporter) -> (artifact id: 'bf528c8ea838944d4f34b1025a1a8d9d') in 0.0188928 seconds
Number of updated asset objects reloaded before import = 0Number of asset objects unloaded after import = 3

========================================================================
Received Import Request.
  Time since last request: 0.000023 seconds.
  path: Assets/World/2/1 Tiles/Tile_58.png
  artifactKey: Guid(713bac2d947621d4fa801b4854ad99da) Importer(815301076,1909f56bfc062723c751e8b465ee728b)
Start importing Assets/World/2/1 Tiles/Tile_58.png using Guid(713bac2d947621d4fa801b4854ad99da) Importer(815301076,1909f56bfc062723c751e8b465ee728b) (PreviewImporter) -> (artifact id: 'a2b138d4fa1f3b5e61f9c7cbb348632c') in 0.0167324 seconds
Number of updated asset objects reloaded before import = 0Number of asset objects unloaded after import = 3

========================================================================
Received Import Request.
  Time since last request: 72.820806 seconds.
  path: Assets/World/2/Tile_02_0.asset
  artifactKey: Guid(005c13822d68c0542a1fb9b866f549a5) Importer(815301076,1909f56bfc062723c751e8b465ee728b)
Start importing Assets/World/2/Tile_02_0.asset using Guid(005c13822d68c0542a1fb9b866f549a5) Importer(815301076,1909f56bfc062723c751e8b465ee728b) (PreviewImporter) -> (artifact id: '8d0a15f5909b66030dbe51a6f6fe9cac') in 0.0242098 seconds
Number of updated asset objects reloaded before import = 0Number of asset objects unloaded after import = 3

========================================================================
Received Import Request.
  Time since last request: 0.000023 seconds.
  path: Assets/World/2/Tile_12_0.asset
  artifactKey: Guid(5a5eff4916fdd2b478a05660cf149f96) Importer(815301076,1909f56bfc062723c751e8b465ee728b)
Start importing Assets/World/2/Tile_12_0.asset using Guid(5a5eff4916fdd2b478a05660cf149f96) Importer(815301076,1909f56bfc062723c751e8b465ee728b) (PreviewImporter) -> (artifact id: 'dcd46b8722014d3f8fd30355459664ab') in 0.0143736 seconds
Number of updated asset objects reloaded before import = 0Number of asset objects unloaded after import = 3

========================================================================
Received Import Request.
  Time since last request: 0.000022 seconds.
  path: Assets/World/2/Tile_19_0.asset
  artifactKey: Guid(76bdf415b0c3958488da5e7ba21125b4) Importer(815301076,1909f56bfc062723c751e8b465ee728b)
Start importing Assets/World/2/Tile_19_0.asset using Guid(76bdf415b0c3958488da5e7ba21125b4) Importer(815301076,1909f56bfc062723c751e8b465ee728b) (PreviewImporter) -> (artifact id: 'cd13bcdc25f8a9339b188a3caddda8c5') in 0.0147821 seconds
Number of updated asset objects reloaded before import = 0Number of asset objects unloaded after import = 3

========================================================================
Received Import Request.
  Time since last request: 0.000014 seconds.
  path: Assets/World/2/Tile_13_0.asset
  artifactKey: Guid(09678f8e2075f334db7fc999f2c675fe) Importer(815301076,1909f56bfc062723c751e8b465ee728b)
Start importing Assets/World/2/Tile_13_0.asset using Guid(09678f8e2075f334db7fc999f2c675fe) Importer(815301076,1909f56bfc062723c751e8b465ee728b) (PreviewImporter) -> (artifact id: 'b4c8a5ee4c1ac7cf6b1bf2840b683576') in 0.0138701 seconds
Number of updated asset objects reloaded before import = 0Number of asset objects unloaded after import = 3

========================================================================
Received Import Request.
  Time since last request: 0.000015 seconds.
  path: Assets/World/2/Tile_08_0.asset
  artifactKey: Guid(36d202dbfb71d6048b35bfa524f72de8) Importer(815301076,1909f56bfc062723c751e8b465ee728b)
Start importing Assets/World/2/Tile_08_0.asset using Guid(36d202dbfb71d6048b35bfa524f72de8) Importer(815301076,1909f56bfc062723c751e8b465ee728b) (PreviewImporter) -> (artifact id: '2020bb064fdc81c509a679dc109e474f') in 0.0131634 seconds
Number of updated asset objects reloaded before import = 0Number of asset objects unloaded after import = 3

========================================================================
Received Import Request.
  Time since last request: 0.000015 seconds.
  path: Assets/World/2/Tile_14_0.asset
  artifactKey: Guid(81eb6b17ad725154fa5e064ce263cd57) Importer(815301076,1909f56bfc062723c751e8b465ee728b)
Start importing Assets/World/2/Tile_14_0.asset using Guid(81eb6b17ad725154fa5e064ce263cd57) Importer(815301076,1909f56bfc062723c751e8b465ee728b) (PreviewImporter) -> (artifact id: '383ed836153780f2daa656faf8a19ebd') in 0.0066659 seconds
Number of updated asset objects reloaded before import = 0Number of asset objects unloaded after import = 3

========================================================================
Received Import Request.
  Time since last request: 0.000022 seconds.
  path: Assets/World/2/Tile_16_0.asset
  artifactKey: Guid(14be4577c62f92748826caed08e7e8ba) Importer(815301076,1909f56bfc062723c751e8b465ee728b)
Start importing Assets/World/2/Tile_16_0.asset using Guid(14be4577c62f92748826caed08e7e8ba) Importer(815301076,1909f56bfc062723c751e8b465ee728b) (PreviewImporter) -> (artifact id: '3bd9d8fcad9694fb3df147769382523d') in 0.0130537 seconds
Number of updated asset objects reloaded before import = 0Number of asset objects unloaded after import = 3

========================================================================
Received Import Request.
  Time since last request: 0.000018 seconds.
  path: Assets/World/2/Tile_35_0.asset
  artifactKey: Guid(949063a045c3676479dc0fa2615648d8) Importer(815301076,1909f56bfc062723c751e8b465ee728b)
Start importing Assets/World/2/Tile_35_0.asset using Guid(949063a045c3676479dc0fa2615648d8) Importer(815301076,1909f56bfc062723c751e8b465ee728b) (PreviewImporter) -> (artifact id: '201b5c2dcb2bcf8fccd7dff3d627476b') in 0.0139702 seconds
Number of updated asset objects reloaded before import = 0Number of asset objects unloaded after import = 3

========================================================================
Received Import Request.
  Time since last request: 0.000030 seconds.
  path: Assets/World/2/Tile_33_0.asset
  artifactKey: Guid(5641e87084657fa41b0f973baf2c3d76) Importer(815301076,1909f56bfc062723c751e8b465ee728b)
Start importing Assets/World/2/Tile_33_0.asset using Guid(5641e87084657fa41b0f973baf2c3d76) Importer(815301076,1909f56bfc062723c751e8b465ee728b) (PreviewImporter) -> (artifact id: '0707816830a064f96d2b7f8d89851c57') in 0.017465 seconds
Number of updated asset objects reloaded before import = 0Number of asset objects unloaded after import = 3

========================================================================
Received Import Request.
  Time since last request: 0.000023 seconds.
  path: Assets/World/2/Tile_11_0.asset
  artifactKey: Guid(b97f0759bb547df4f83abb7a183d1fc1) Importer(815301076,1909f56bfc062723c751e8b465ee728b)
Start importing Assets/World/2/Tile_11_0.asset using Guid(b97f0759bb547df4f83abb7a183d1fc1) Importer(815301076,1909f56bfc062723c751e8b465ee728b) (PreviewImporter) -> (artifact id: '1d6eebfdaac3c83d138f5febb00e79df') in 0.0064701 seconds
Number of updated asset objects reloaded before import = 0Number of asset objects unloaded after import = 3

========================================================================
Received Import Request.
  Time since last request: 0.000019 seconds.
  path: Assets/World/2/Tile_26_0.asset
  artifactKey: Guid(7702a102925e62f42a38a0b5bdc1aad9) Importer(815301076,1909f56bfc062723c751e8b465ee728b)
Start importing Assets/World/2/Tile_26_0.asset using Guid(7702a102925e62f42a38a0b5bdc1aad9) Importer(815301076,1909f56bfc062723c751e8b465ee728b) (PreviewImporter) -> (artifact id: 'e188a82a9e92dc056e266a7f062a6ad6') in 0.0138557 seconds
Number of updated asset objects reloaded before import = 0Number of asset objects unloaded after import = 3

========================================================================
Received Import Request.
  Time since last request: 0.000026 seconds.
  path: Assets/World/2/Tile_21_0.asset
  artifactKey: Guid(905ed3d47f81416418e00ca02972b3ac) Importer(815301076,1909f56bfc062723c751e8b465ee728b)
Start importing Assets/World/2/Tile_21_0.asset using Guid(905ed3d47f81416418e00ca02972b3ac) Importer(815301076,1909f56bfc062723c751e8b465ee728b) (PreviewImporter) -> (artifact id: 'dbe94bf6934b6cc1ac7ef7ca89744223') in 0.0140269 seconds
Number of updated asset objects reloaded before import = 0Number of asset objects unloaded after import = 3

========================================================================
Received Import Request.
  Time since last request: 0.000014 seconds.
  path: Assets/World/2/Tile_22_0.asset
  artifactKey: Guid(9d9d4aa4f7abf6948baa1eace41b38d4) Importer(815301076,1909f56bfc062723c751e8b465ee728b)
Start importing Assets/World/2/Tile_22_0.asset using Guid(9d9d4aa4f7abf6948baa1eace41b38d4) Importer(815301076,1909f56bfc062723c751e8b465ee728b) (PreviewImporter) -> (artifact id: 'b0a66a4dbafadcee40aa35291d18cbc3') in 0.01349 seconds
Number of updated asset objects reloaded before import = 0Number of asset objects unloaded after import = 3

========================================================================
Received Import Request.
  Time since last request: 0.000027 seconds.
  path: Assets/World/2/Tile_06_0.asset
  artifactKey: Guid(0569d7efc7728f04c8706d2116554ba3) Importer(815301076,1909f56bfc062723c751e8b465ee728b)
Start importing Assets/World/2/Tile_06_0.asset using Guid(0569d7efc7728f04c8706d2116554ba3) Importer(815301076,1909f56bfc062723c751e8b465ee728b) (PreviewImporter) -> (artifact id: 'c29eeabb7fac2d570f20460334a75278') in 0.0134662 seconds
Number of updated asset objects reloaded before import = 0Number of asset objects unloaded after import = 3

========================================================================
Received Import Request.
  Time since last request: 0.000027 seconds.
  path: Assets/World/2/Tile_27_0.asset
  artifactKey: Guid(08b4906d8ab61014daa7813df28a7093) Importer(815301076,1909f56bfc062723c751e8b465ee728b)
Start importing Assets/World/2/Tile_27_0.asset using Guid(08b4906d8ab61014daa7813df28a7093) Importer(815301076,1909f56bfc062723c751e8b465ee728b) (PreviewImporter) -> (artifact id: 'bf0d322614cd1342b1cde4da7be0b24c') in 0.0128421 seconds
Number of updated asset objects reloaded before import = 0Number of asset objects unloaded after import = 3

========================================================================
Received Import Request.
  Time since last request: 0.000014 seconds.
  path: Assets/World/2/Tile_18_0.asset
  artifactKey: Guid(fc701ac184edc4947b88644df73965bd) Importer(815301076,1909f56bfc062723c751e8b465ee728b)
Start importing Assets/World/2/Tile_18_0.asset using Guid(fc701ac184edc4947b88644df73965bd) Importer(815301076,1909f56bfc062723c751e8b465ee728b) (PreviewImporter) -> (artifact id: '7168a05ac4824f57912c30773612008c') in 0.0160072 seconds
Number of updated asset objects reloaded before import = 0Number of asset objects unloaded after import = 3

========================================================================
Received Import Request.
  Time since last request: 0.000016 seconds.
  path: Assets/World/2/Tile_24_0.asset
  artifactKey: Guid(93968899edfad1b4a9fe8d9368109890) Importer(815301076,1909f56bfc062723c751e8b465ee728b)
Start importing Assets/World/2/Tile_24_0.asset using Guid(93968899edfad1b4a9fe8d9368109890) Importer(815301076,1909f56bfc062723c751e8b465ee728b) (PreviewImporter) -> (artifact id: '8c0791202c1d2e9cb8d3c07a1bc39a37') in 0.0134977 seconds
Number of updated asset objects reloaded before import = 0Number of asset objects unloaded after import = 3

========================================================================
Received Import Request.
  Time since last request: 0.000015 seconds.
  path: Assets/World/2/Tile_23_0.asset
  artifactKey: Guid(8739d37e0fefeb6429eaa639808985cb) Importer(815301076,1909f56bfc062723c751e8b465ee728b)
Start importing Assets/World/2/Tile_23_0.asset using Guid(8739d37e0fefeb6429eaa639808985cb) Importer(815301076,1909f56bfc062723c751e8b465ee728b) (PreviewImporter) -> (artifact id: '6266a2dad4c093e83cca8ec7b63049c1') in 0.0139756 seconds
Number of updated asset objects reloaded before import = 0Number of asset objects unloaded after import = 3

========================================================================
Received Import Request.
  Time since last request: 1.541086 seconds.
  path: Assets/World/2/Tile_37_0.asset
  artifactKey: Guid(c06d3e427a58b724ca08d0b7fc120e82) Importer(815301076,1909f56bfc062723c751e8b465ee728b)
Start importing Assets/World/2/Tile_37_0.asset using Guid(c06d3e427a58b724ca08d0b7fc120e82) Importer(815301076,1909f56bfc062723c751e8b465ee728b) (PreviewImporter) -> (artifact id: 'e5eec27e982c5c89b7f959194ee24cc7') in 0.0259367 seconds
Number of updated asset objects reloaded before import = 0Number of asset objects unloaded after import = 3

========================================================================
Received Import Request.
  Time since last request: 0.000035 seconds.
  path: Assets/World/2/Tile_40_0.asset
  artifactKey: Guid(18d9cc0d3aa5da340bf9d51b889ba654) Importer(815301076,1909f56bfc062723c751e8b465ee728b)
Start importing Assets/World/2/Tile_40_0.asset using Guid(18d9cc0d3aa5da340bf9d51b889ba654) Importer(815301076,1909f56bfc062723c751e8b465ee728b) (PreviewImporter) -> (artifact id: '49dc05860044e383a5c356ba79ee60d2') in 0.0237373 seconds
Number of updated asset objects reloaded before import = 0Number of asset objects unloaded after import = 3

========================================================================
Received Import Request.
  Time since last request: 0.000035 seconds.
  path: Assets/World/2/Tile_42_0.asset
  artifactKey: Guid(16afa9220d7af364f9ac81fdd74e0d08) Importer(815301076,1909f56bfc062723c751e8b465ee728b)
Start importing Assets/World/2/Tile_42_0.asset using Guid(16afa9220d7af364f9ac81fdd74e0d08) Importer(815301076,1909f56bfc062723c751e8b465ee728b) (PreviewImporter) -> (artifact id: '70dcb33aae4cd9bc58b356a519e7be9b') in 0.0235853 seconds
Number of updated asset objects reloaded before import = 0Number of asset objects unloaded after import = 3

========================================================================
Received Import Request.
  Time since last request: 0.000048 seconds.
  path: Assets/World/2/Tile_55_0.asset
  artifactKey: Guid(3691bf426a4613040bc0ef83c724dc2f) Importer(815301076,1909f56bfc062723c751e8b465ee728b)
Start importing Assets/World/2/Tile_55_0.asset using Guid(3691bf426a4613040bc0ef83c724dc2f) Importer(815301076,1909f56bfc062723c751e8b465ee728b) (PreviewImporter) -> (artifact id: '01b5ef6012d9aacee0748d4fec3af407') in 0.0229982 seconds
Number of updated asset objects reloaded before import = 0Number of asset objects unloaded after import = 3

========================================================================
Received Import Request.
  Time since last request: 0.000036 seconds.
  path: Assets/World/2/Tile_44_0.asset
  artifactKey: Guid(1d65ecb2a4194044d852c33a5b97ee8a) Importer(815301076,1909f56bfc062723c751e8b465ee728b)
Start importing Assets/World/2/Tile_44_0.asset using Guid(1d65ecb2a4194044d852c33a5b97ee8a) Importer(815301076,1909f56bfc062723c751e8b465ee728b) (PreviewImporter) -> (artifact id: '53e26476797d6c6a52837cd2a681be84') in 0.0220966 seconds
Number of updated asset objects reloaded before import = 0Number of asset objects unloaded after import = 3

========================================================================
Received Import Request.
  Time since last request: 0.000031 seconds.
  path: Assets/World/2/Tile_38_0.asset
  artifactKey: Guid(29ea7f67d4446f34696dc84a33346e18) Importer(815301076,1909f56bfc062723c751e8b465ee728b)
Start importing Assets/World/2/Tile_38_0.asset using Guid(29ea7f67d4446f34696dc84a33346e18) Importer(815301076,1909f56bfc062723c751e8b465ee728b) (PreviewImporter) -> (artifact id: 'df5b2b4d150229201226ebaed6282da2') in 0.0213209 seconds
Number of updated asset objects reloaded before import = 0Number of asset objects unloaded after import = 3

========================================================================
Received Import Request.
  Time since last request: 0.000044 seconds.
  path: Assets/World/2/Tile_49_0.asset
  artifactKey: Guid(1fc14846984c60340a111aea6cd214f6) Importer(815301076,1909f56bfc062723c751e8b465ee728b)
Start importing Assets/World/2/Tile_49_0.asset using Guid(1fc14846984c60340a111aea6cd214f6) Importer(815301076,1909f56bfc062723c751e8b465ee728b) (PreviewImporter) -> (artifact id: 'ee519ce55ac92976524af9897b9a6e8f') in 0.0235974 seconds
Number of updated asset objects reloaded before import = 0Number of asset objects unloaded after import = 3

========================================================================
Received Import Request.
  Time since last request: 0.000029 seconds.
  path: Assets/World/2/Tile_47_0.asset
  artifactKey: Guid(1f41c8fed4c66d94d9f34a83d6764c4b) Importer(815301076,1909f56bfc062723c751e8b465ee728b)
Start importing Assets/World/2/Tile_47_0.asset using Guid(1f41c8fed4c66d94d9f34a83d6764c4b) Importer(815301076,1909f56bfc062723c751e8b465ee728b) (PreviewImporter) -> (artifact id: '95656bc34da49a603c96e725c1ea8802') in 0.0208101 seconds
Number of updated asset objects reloaded before import = 0Number of asset objects unloaded after import = 3

========================================================================
Received Import Request.
  Time since last request: 0.000023 seconds.
  path: Assets/World/2/Tile_51_0.asset
  artifactKey: Guid(292ea5632e7fe594288ccfb24c598f9d) Importer(815301076,1909f56bfc062723c751e8b465ee728b)
Start importing Assets/World/2/Tile_51_0.asset using Guid(292ea5632e7fe594288ccfb24c598f9d) Importer(815301076,1909f56bfc062723c751e8b465ee728b) (PreviewImporter) -> (artifact id: '2a863ba8cf8c61c84b557000db3d7462') in 0.0226939 seconds
Number of updated asset objects reloaded before import = 0Number of asset objects unloaded after import = 3

========================================================================
Received Import Request.
  Time since last request: 0.000025 seconds.
  path: Assets/World/2/Tile_41_0.asset
  artifactKey: Guid(bcafff23971a92e438dac4c7e78046b8) Importer(815301076,1909f56bfc062723c751e8b465ee728b)
Start importing Assets/World/2/Tile_41_0.asset using Guid(bcafff23971a92e438dac4c7e78046b8) Importer(815301076,1909f56bfc062723c751e8b465ee728b) (PreviewImporter) -> (artifact id: '3e29335bd8331ca7f980d888af4bf4ec') in 0.0228374 seconds
Number of updated asset objects reloaded before import = 0Number of asset objects unloaded after import = 3

========================================================================
Received Import Request.
  Time since last request: 0.000027 seconds.
  path: Assets/World/2/Tile_56_0.asset
  artifactKey: Guid(29533d9ca15f2cf49973f8b808395385) Importer(815301076,1909f56bfc062723c751e8b465ee728b)
Start importing Assets/World/2/Tile_56_0.asset using Guid(29533d9ca15f2cf49973f8b808395385) Importer(815301076,1909f56bfc062723c751e8b465ee728b) (PreviewImporter) -> (artifact id: '5b61d595975cbe6913c6a75d16d9f4fb') in 0.0250888 seconds
Number of updated asset objects reloaded before import = 0Number of asset objects unloaded after import = 3

========================================================================
Received Import Request.
  Time since last request: 0.000036 seconds.
  path: Assets/World/2/Tile_57_0.asset
  artifactKey: Guid(3a23a4c57eed4fc489093946f0560840) Importer(815301076,1909f56bfc062723c751e8b465ee728b)
Start importing Assets/World/2/Tile_57_0.asset using Guid(3a23a4c57eed4fc489093946f0560840) Importer(815301076,1909f56bfc062723c751e8b465ee728b) (PreviewImporter) -> (artifact id: 'd68e7dcc89777cc48d6f33c900498432') in 0.0235685 seconds
Number of updated asset objects reloaded before import = 0Number of asset objects unloaded after import = 3

========================================================================
Received Import Request.
  Time since last request: 0.000030 seconds.
  path: Assets/World/2/Tile_39_0.asset
  artifactKey: Guid(39871b2f509f6b544af8c93cbd5d5d7f) Importer(815301076,1909f56bfc062723c751e8b465ee728b)
Start importing Assets/World/2/Tile_39_0.asset using Guid(39871b2f509f6b544af8c93cbd5d5d7f) Importer(815301076,1909f56bfc062723c751e8b465ee728b) (PreviewImporter) -> (artifact id: 'a85cae91770bd2edd60c835febeac8b3') in 0.0217444 seconds
Number of updated asset objects reloaded before import = 0Number of asset objects unloaded after import = 3

========================================================================
Received Import Request.
  Time since last request: 297.453276 seconds.
  path: Assets/World/2/Tiles/Bone (2).png
  artifactKey: Guid(6d951fd178cb29b47b73a7d67a950302) Importer(815301076,1909f56bfc062723c751e8b465ee728b)
Start importing Assets/World/2/Tiles/Bone (2).png using Guid(6d951fd178cb29b47b73a7d67a950302) Importer(815301076,1909f56bfc062723c751e8b465ee728b) (PreviewImporter) -> (artifact id: '013ed90f689d63306654a66b3761acf8') in 0.0307886 seconds
Number of updated asset objects reloaded before import = 0Number of asset objects unloaded after import = 3

========================================================================
Received Import Request.
  Time since last request: 0.000138 seconds.
  path: Assets/World/2/Tiles/Tile (7).png
  artifactKey: Guid(17626ef211ba1e8498c79f83ef889ffb) Importer(815301076,1909f56bfc062723c751e8b465ee728b)
Start importing Assets/World/2/Tiles/Tile (7).png using Guid(17626ef211ba1e8498c79f83ef889ffb) Importer(815301076,1909f56bfc062723c751e8b465ee728b) (PreviewImporter) -> (artifact id: 'ddeb0366c12965af9472abc9d3358847') in 0.0198595 seconds
Number of updated asset objects reloaded before import = 0Number of asset objects unloaded after import = 3

========================================================================
Received Import Request.
  Time since last request: 0.000019 seconds.
  path: Assets/World/2/Tiles/Tile (12).png
  artifactKey: Guid(bb2ff5b3f5f981846bbddd5bd00e76f0) Importer(815301076,1909f56bfc062723c751e8b465ee728b)
Start importing Assets/World/2/Tiles/Tile (12).png using Guid(bb2ff5b3f5f981846bbddd5bd00e76f0) Importer(815301076,1909f56bfc062723c751e8b465ee728b) (PreviewImporter) -> (artifact id: '9636f08ab63e8f033c8b06294c849630') in 0.0217337 seconds
Number of updated asset objects reloaded before import = 0Number of asset objects unloaded after import = 3

========================================================================
Received Import Request.
  Time since last request: 0.000033 seconds.
  path: Assets/World/2/Tiles/Tile (11).png
  artifactKey: Guid(72121c73971518c4dad6ee61f3e243e6) Importer(815301076,1909f56bfc062723c751e8b465ee728b)
Start importing Assets/World/2/Tiles/Tile (11).png using Guid(72121c73971518c4dad6ee61f3e243e6) Importer(815301076,1909f56bfc062723c751e8b465ee728b) (PreviewImporter) -> (artifact id: '3a2f08ebbe766b7f006eec0e6c433c01') in 0.0234295 seconds
Number of updated asset objects reloaded before import = 0Number of asset objects unloaded after import = 3

========================================================================
Received Import Request.
  Time since last request: 0.000020 seconds.
  path: Assets/World/2/Tiles/Tile (13).png
  artifactKey: Guid(fb0fed438e896fa419ad34abc0b983ad) Importer(815301076,1909f56bfc062723c751e8b465ee728b)
Start importing Assets/World/2/Tiles/Tile (13).png using Guid(fb0fed438e896fa419ad34abc0b983ad) Importer(815301076,1909f56bfc062723c751e8b465ee728b) (PreviewImporter) -> (artifact id: 'bae4681e09fab86de43a5575bd7e6a57') in 0.0225595 seconds
Number of updated asset objects reloaded before import = 0Number of asset objects unloaded after import = 3

========================================================================
Received Import Request.
  Time since last request: 0.000016 seconds.
  path: Assets/World/2/Tiles/Tile (10).png
  artifactKey: Guid(b3909fe850f39de47bc50d27f737af6b) Importer(815301076,1909f56bfc062723c751e8b465ee728b)
Start importing Assets/World/2/Tiles/Tile (10).png using Guid(b3909fe850f39de47bc50d27f737af6b) Importer(815301076,1909f56bfc062723c751e8b465ee728b) (PreviewImporter) -> (artifact id: '661fa885ffdd0232e708379656e4e3de') in 0.0199175 seconds
Number of updated asset objects reloaded before import = 0Number of asset objects unloaded after import = 3

========================================================================
Received Import Request.
  Time since last request: 0.000018 seconds.
  path: Assets/World/2/Tiles/Tile (6).png
  artifactKey: Guid(2124658ca3055fe49a868159fce87ded) Importer(815301076,1909f56bfc062723c751e8b465ee728b)
Start importing Assets/World/2/Tiles/Tile (6).png using Guid(2124658ca3055fe49a868159fce87ded) Importer(815301076,1909f56bfc062723c751e8b465ee728b) (PreviewImporter) -> (artifact id: '488be8518912a737f4137bd79b86b57b') in 0.0230107 seconds
Number of updated asset objects reloaded before import = 0Number of asset objects unloaded after import = 3

========================================================================
Received Import Request.
  Time since last request: 0.000022 seconds.
  path: Assets/World/2/Tiles/Tile (14).png
  artifactKey: Guid(25d52ccd447cd5a459b9fdada3f02e49) Importer(815301076,1909f56bfc062723c751e8b465ee728b)
Start importing Assets/World/2/Tiles/Tile (14).png using Guid(25d52ccd447cd5a459b9fdada3f02e49) Importer(815301076,1909f56bfc062723c751e8b465ee728b) (PreviewImporter) -> (artifact id: '55652f79dab9240c8c7c9346ffbbf259') in 0.0208429 seconds
Number of updated asset objects reloaded before import = 0Number of asset objects unloaded after import = 3

========================================================================
Received Import Request.
  Time since last request: 0.000030 seconds.
  path: Assets/World/2/Tiles/Tile (5).png
  artifactKey: Guid(c6463a719f059774d978c88505a91ee1) Importer(815301076,1909f56bfc062723c751e8b465ee728b)
Start importing Assets/World/2/Tiles/Tile (5).png using Guid(c6463a719f059774d978c88505a91ee1) Importer(815301076,1909f56bfc062723c751e8b465ee728b) (PreviewImporter) -> (artifact id: 'd5d1940e79f17f1175ff19108f1604b4') in 0.0283936 seconds
Number of updated asset objects reloaded before import = 0Number of asset objects unloaded after import = 3

========================================================================
Received Import Request.
  Time since last request: 0.000016 seconds.
  path: Assets/World/2/Tiles/Tile (3).png
  artifactKey: Guid(f60b16a0874907646badbf2c6f1c2483) Importer(815301076,1909f56bfc062723c751e8b465ee728b)
Start importing Assets/World/2/Tiles/Tile (3).png using Guid(f60b16a0874907646badbf2c6f1c2483) Importer(815301076,1909f56bfc062723c751e8b465ee728b) (PreviewImporter) -> (artifact id: '69aa3b6b706bc2bedb870b8eb415c2c3') in 0.0178571 seconds
Number of updated asset objects reloaded before import = 0Number of asset objects unloaded after import = 3

Editor requested this worker to shutdown with reason: Scaling down because of idle timeout
AssetImportWorker is now disconnected from the server
Process exiting
Exiting without the bug reporter. Application will terminate with return code 0